<?xml version="1.0" encoding="UTF-8"?>
<testng-results ignored="0" total="2" passed="0" failed="0" skipped="2">
  <reporter-output>
  </reporter-output>
  <suite started-at="2023-10-29T14:32:37Z" name="InetBankingV1" finished-at="2023-10-29T14:32:38Z" duration-ms="413">
    <groups>
    </groups>
    <test started-at="2023-10-29T14:32:37Z" name="BankingApp Test" finished-at="2023-10-29T14:32:38Z" duration-ms="413">
      <class name="com.inetbanking.testCases.TC_LoginTest_001">
        <test-method is-config="true" signature="setup(java.lang.String)[pri:0, instance:com.inetbanking.testCases.TC_LoginTest_001@70f02c32]" started-at="2023-10-29T14:32:38Z" name="setup" finished-at="2023-10-29T14:32:38Z" duration-ms="212" status="FAIL">
          <params>
            <param index="0">
              <value>
                <![CDATA[chrome]]>
              </value>
            </param>
          </params>
          <exception class="java.lang.NoSuchMethodError">
            <message>
              <![CDATA['java.lang.String org.apache.commons.io.IOUtils.toString(java.io.InputStream, java.nio.charset.Charset)']]>
            </message>
            <full-stacktrace>
              <![CDATA[java.lang.NoSuchMethodError: 'java.lang.String org.apache.commons.io.IOUtils.toString(java.io.InputStream, java.nio.charset.Charset)'
at io.github.bonigarcia.wdm.versions.VersionDetector.getProperties(VersionDetector.java:360)
at io.github.bonigarcia.wdm.versions.VersionDetector.getBrowserVersionFromTheShell(VersionDetector.java:259)
at io.github.bonigarcia.wdm.WebDriverManager.getBrowserVersionFromTheShell(WebDriverManager.java:1342)
at io.github.bonigarcia.wdm.WebDriverManager.detectBrowserVersion(WebDriverManager.java:1362)
at io.github.bonigarcia.wdm.WebDriverManager.resolveDriverVersion(WebDriverManager.java:1210)
at io.github.bonigarcia.wdm.WebDriverManager.manage(WebDriverManager.java:1160)
at io.github.bonigarcia.wdm.WebDriverManager.setup(WebDriverManager.java:427)
at com.inetbanking.testCases.BaseClass.setup(BaseClass.java:44)
at java.base/jdk.internal.reflect.NativeMethodAccessorImpl.invoke0(Native Method)
at java.base/jdk.internal.reflect.NativeMethodAccessorImpl.invoke(NativeMethodAccessorImpl.java:77)
at java.base/jdk.internal.reflect.DelegatingMethodAccessorImpl.invoke(DelegatingMethodAccessorImpl.java:43)
at java.base/java.lang.reflect.Method.invoke(Method.java:568)
at org.testng.internal.MethodInvocationHelper.invokeMethod(MethodInvocationHelper.java:124)
at org.testng.internal.MethodInvocationHelper.invokeMethodConsideringTimeout(MethodInvocationHelper.java:59)
at org.testng.internal.Invoker.invokeConfigurationMethod(Invoker.java:458)
at org.testng.internal.Invoker.invokeConfigurations(Invoker.java:222)
at org.testng.internal.Invoker.invokeConfigurations(Invoker.java:142)
at org.testng.internal.TestMethodWorker.invokeBeforeClassMethods(TestMethodWorker.java:168)
at org.testng.internal.TestMethodWorker.run(TestMethodWorker.java:105)
at org.testng.TestRunner.privateRun(TestRunner.java:648)
at org.testng.TestRunner.run(TestRunner.java:505)
at org.testng.SuiteRunner.runTest(SuiteRunner.java:455)
at org.testng.SuiteRunner.runSequentially(SuiteRunner.java:450)
at org.testng.SuiteRunner.privateRun(SuiteRunner.java:415)
at org.testng.SuiteRunner.run(SuiteRunner.java:364)
at org.testng.SuiteRunnerWorker.runSuite(SuiteRunnerWorker.java:52)
at org.testng.SuiteRunnerWorker.run(SuiteRunnerWorker.java:84)
at org.testng.TestNG.runSuitesSequentially(TestNG.java:1208)
at org.testng.TestNG.runSuitesLocally(TestNG.java:1137)
at org.testng.TestNG.runSuites(TestNG.java:1049)
at org.testng.TestNG.run(TestNG.java:1017)
at org.testng.remote.AbstractRemoteTestNG.run(AbstractRemoteTestNG.java:115)
at org.testng.remote.RemoteTestNG.initAndRun(RemoteTestNG.java:251)
at org.testng.remote.RemoteTestNG.main(RemoteTestNG.java:77)
]]>
            </full-stacktrace>
          </exception> <!-- java.lang.NoSuchMethodError -->
          <reporter-output>
          </reporter-output>
        </test-method> <!-- setup -->
        <test-method signature="loginTest()[pri:0, instance:com.inetbanking.testCases.TC_LoginTest_001@70f02c32]" started-at="2023-10-29T14:32:38Z" name="loginTest" finished-at="2023-10-29T14:32:38Z" duration-ms="0" status="SKIP">
          <exception class="java.lang.NoSuchMethodError">
            <message>
              <![CDATA['java.lang.String org.apache.commons.io.IOUtils.toString(java.io.InputStream, java.nio.charset.Charset)']]>
            </message>
            <full-stacktrace>
              <![CDATA[java.lang.NoSuchMethodError: 'java.lang.String org.apache.commons.io.IOUtils.toString(java.io.InputStream, java.nio.charset.Charset)'
at io.github.bonigarcia.wdm.versions.VersionDetector.getProperties(VersionDetector.java:360)
at io.github.bonigarcia.wdm.versions.VersionDetector.getBrowserVersionFromTheShell(VersionDetector.java:259)
at io.github.bonigarcia.wdm.WebDriverManager.getBrowserVersionFromTheShell(WebDriverManager.java:1342)
at io.github.bonigarcia.wdm.WebDriverManager.detectBrowserVersion(WebDriverManager.java:1362)
at io.github.bonigarcia.wdm.WebDriverManager.resolveDriverVersion(WebDriverManager.java:1210)
at io.github.bonigarcia.wdm.WebDriverManager.manage(WebDriverManager.java:1160)
at io.github.bonigarcia.wdm.WebDriverManager.setup(WebDriverManager.java:427)
at com.inetbanking.testCases.BaseClass.setup(BaseClass.java:44)
at java.base/jdk.internal.reflect.NativeMethodAccessorImpl.invoke0(Native Method)
at java.base/jdk.internal.reflect.NativeMethodAccessorImpl.invoke(NativeMethodAccessorImpl.java:77)
at java.base/jdk.internal.reflect.DelegatingMethodAccessorImpl.invoke(DelegatingMethodAccessorImpl.java:43)
at java.base/java.lang.reflect.Method.invoke(Method.java:568)
at org.testng.internal.MethodInvocationHelper.invokeMethod(MethodInvocationHelper.java:124)
at org.testng.internal.MethodInvocationHelper.invokeMethodConsideringTimeout(MethodInvocationHelper.java:59)
at org.testng.internal.Invoker.invokeConfigurationMethod(Invoker.java:458)
at org.testng.internal.Invoker.invokeConfigurations(Invoker.java:222)
at org.testng.internal.Invoker.invokeConfigurations(Invoker.java:142)
at org.testng.internal.TestMethodWorker.invokeBeforeClassMethods(TestMethodWorker.java:168)
at org.testng.internal.TestMethodWorker.run(TestMethodWorker.java:105)
at org.testng.TestRunner.privateRun(TestRunner.java:648)
at org.testng.TestRunner.run(TestRunner.java:505)
at org.testng.SuiteRunner.runTest(SuiteRunner.java:455)
at org.testng.SuiteRunner.runSequentially(SuiteRunner.java:450)
at org.testng.SuiteRunner.privateRun(SuiteRunner.java:415)
at org.testng.SuiteRunner.run(SuiteRunner.java:364)
at org.testng.SuiteRunnerWorker.runSuite(SuiteRunnerWorker.java:52)
at org.testng.SuiteRunnerWorker.run(SuiteRunnerWorker.java:84)
at org.testng.TestNG.runSuitesSequentially(TestNG.java:1208)
at org.testng.TestNG.runSuitesLocally(TestNG.java:1137)
at org.testng.TestNG.runSuites(TestNG.java:1049)
at org.testng.TestNG.run(TestNG.java:1017)
at org.testng.remote.AbstractRemoteTestNG.run(AbstractRemoteTestNG.java:115)
at org.testng.remote.RemoteTestNG.initAndRun(RemoteTestNG.java:251)
at org.testng.remote.RemoteTestNG.main(RemoteTestNG.java:77)
]]>
            </full-stacktrace>
          </exception> <!-- java.lang.NoSuchMethodError -->
          <reporter-output>
          </reporter-output>
        </test-method> <!-- loginTest -->
        <test-method is-config="true" signature="tearDown()[pri:0, instance:com.inetbanking.testCases.TC_LoginTest_001@70f02c32]" started-at="2023-10-29T14:32:38Z" name="tearDown" finished-at="2023-10-29T14:32:38Z" duration-ms="0" status="SKIP">
          <reporter-output>
          </reporter-output>
        </test-method> <!-- tearDown -->
      </class> <!-- com.inetbanking.testCases.TC_LoginTest_001 -->
      <class name="com.inetbanking.testCases.TC_AddCustomerTest_003">
        <test-method is-config="true" signature="setup(java.lang.String)[pri:0, instance:com.inetbanking.testCases.TC_AddCustomerTest_003@62010f5c]" started-at="2023-10-29T14:32:38Z" name="setup" finished-at="2023-10-29T14:32:38Z" duration-ms="49" status="FAIL">
          <params>
            <param index="0">
              <value>
                <![CDATA[chrome]]>
              </value>
            </param>
          </params>
          <exception class="java.lang.NoSuchMethodError">
            <message>
              <![CDATA['java.lang.String org.apache.commons.io.IOUtils.toString(java.io.InputStream, java.nio.charset.Charset)']]>
            </message>
            <full-stacktrace>
              <![CDATA[java.lang.NoSuchMethodError: 'java.lang.String org.apache.commons.io.IOUtils.toString(java.io.InputStream, java.nio.charset.Charset)'
at io.github.bonigarcia.wdm.versions.VersionDetector.getProperties(VersionDetector.java:360)
at io.github.bonigarcia.wdm.versions.VersionDetector.getBrowserVersionFromTheShell(VersionDetector.java:259)
at io.github.bonigarcia.wdm.WebDriverManager.getBrowserVersionFromTheShell(WebDriverManager.java:1342)
at io.github.bonigarcia.wdm.WebDriverManager.detectBrowserVersion(WebDriverManager.java:1362)
at io.github.bonigarcia.wdm.WebDriverManager.resolveDriverVersion(WebDriverManager.java:1210)
at io.github.bonigarcia.wdm.WebDriverManager.manage(WebDriverManager.java:1160)
at io.github.bonigarcia.wdm.WebDriverManager.setup(WebDriverManager.java:427)
at com.inetbanking.testCases.BaseClass.setup(BaseClass.java:44)
at java.base/jdk.internal.reflect.NativeMethodAccessorImpl.invoke0(Native Method)
at java.base/jdk.internal.reflect.NativeMethodAccessorImpl.invoke(NativeMethodAccessorImpl.java:77)
at java.base/jdk.internal.reflect.DelegatingMethodAccessorImpl.invoke(DelegatingMethodAccessorImpl.java:43)
at java.base/java.lang.reflect.Method.invoke(Method.java:568)
at org.testng.internal.MethodInvocationHelper.invokeMethod(MethodInvocationHelper.java:124)
at org.testng.internal.MethodInvocationHelper.invokeMethodConsideringTimeout(MethodInvocationHelper.java:59)
at org.testng.internal.Invoker.invokeConfigurationMethod(Invoker.java:458)
at org.testng.internal.Invoker.invokeConfigurations(Invoker.java:222)
at org.testng.internal.Invoker.invokeConfigurations(Invoker.java:142)
at org.testng.internal.TestMethodWorker.invokeBeforeClassMethods(TestMethodWorker.java:168)
at org.testng.internal.TestMethodWorker.run(TestMethodWorker.java:105)
at org.testng.TestRunner.privateRun(TestRunner.java:648)
at org.testng.TestRunner.run(TestRunner.java:505)
at org.testng.SuiteRunner.runTest(SuiteRunner.java:455)
at org.testng.SuiteRunner.runSequentially(SuiteRunner.java:450)
at org.testng.SuiteRunner.privateRun(SuiteRunner.java:415)
at org.testng.SuiteRunner.run(SuiteRunner.java:364)
at org.testng.SuiteRunnerWorker.runSuite(SuiteRunnerWorker.java:52)
at org.testng.SuiteRunnerWorker.run(SuiteRunnerWorker.java:84)
at org.testng.TestNG.runSuitesSequentially(TestNG.java:1208)
at org.testng.TestNG.runSuitesLocally(TestNG.java:1137)
at org.testng.TestNG.runSuites(TestNG.java:1049)
at org.testng.TestNG.run(TestNG.java:1017)
at org.testng.remote.AbstractRemoteTestNG.run(AbstractRemoteTestNG.java:115)
at org.testng.remote.RemoteTestNG.initAndRun(RemoteTestNG.java:251)
at org.testng.remote.RemoteTestNG.main(RemoteTestNG.java:77)
]]>
            </full-stacktrace>
          </exception> <!-- java.lang.NoSuchMethodError -->
          <reporter-output>
          </reporter-output>
        </test-method> <!-- setup -->
        <test-method signature="addNewCustomer()[pri:0, instance:com.inetbanking.testCases.TC_AddCustomerTest_003@62010f5c]" started-at="2023-10-29T14:32:38Z" name="addNewCustomer" finished-at="2023-10-29T14:32:38Z" duration-ms="0" status="SKIP">
          <exception class="java.lang.NoSuchMethodError">
            <message>
              <![CDATA['java.lang.String org.apache.commons.io.IOUtils.toString(java.io.InputStream, java.nio.charset.Charset)']]>
            </message>
            <full-stacktrace>
              <![CDATA[java.lang.NoSuchMethodError: 'java.lang.String org.apache.commons.io.IOUtils.toString(java.io.InputStream, java.nio.charset.Charset)'
at io.github.bonigarcia.wdm.versions.VersionDetector.getProperties(VersionDetector.java:360)
at io.github.bonigarcia.wdm.versions.VersionDetector.getBrowserVersionFromTheShell(VersionDetector.java:259)
at io.github.bonigarcia.wdm.WebDriverManager.getBrowserVersionFromTheShell(WebDriverManager.java:1342)
at io.github.bonigarcia.wdm.WebDriverManager.detectBrowserVersion(WebDriverManager.java:1362)
at io.github.bonigarcia.wdm.WebDriverManager.resolveDriverVersion(WebDriverManager.java:1210)
at io.github.bonigarcia.wdm.WebDriverManager.manage(WebDriverManager.java:1160)
at io.github.bonigarcia.wdm.WebDriverManager.setup(WebDriverManager.java:427)
at com.inetbanking.testCases.BaseClass.setup(BaseClass.java:44)
at java.base/jdk.internal.reflect.NativeMethodAccessorImpl.invoke0(Native Method)
at java.base/jdk.internal.reflect.NativeMethodAccessorImpl.invoke(NativeMethodAccessorImpl.java:77)
at java.base/jdk.internal.reflect.DelegatingMethodAccessorImpl.invoke(DelegatingMethodAccessorImpl.java:43)
at java.base/java.lang.reflect.Method.invoke(Method.java:568)
at org.testng.internal.MethodInvocationHelper.invokeMethod(MethodInvocationHelper.java:124)
at org.testng.internal.MethodInvocationHelper.invokeMethodConsideringTimeout(MethodInvocationHelper.java:59)
at org.testng.internal.Invoker.invokeConfigurationMethod(Invoker.java:458)
at org.testng.internal.Invoker.invokeConfigurations(Invoker.java:222)
at org.testng.internal.Invoker.invokeConfigurations(Invoker.java:142)
at org.testng.internal.TestMethodWorker.invokeBeforeClassMethods(TestMethodWorker.java:168)
at org.testng.internal.TestMethodWorker.run(TestMethodWorker.java:105)
at org.testng.TestRunner.privateRun(TestRunner.java:648)
at org.testng.TestRunner.run(TestRunner.java:505)
at org.testng.SuiteRunner.runTest(SuiteRunner.java:455)
at org.testng.SuiteRunner.runSequentially(SuiteRunner.java:450)
at org.testng.SuiteRunner.privateRun(SuiteRunner.java:415)
at org.testng.SuiteRunner.run(SuiteRunner.java:364)
at org.testng.SuiteRunnerWorker.runSuite(SuiteRunnerWorker.java:52)
at org.testng.SuiteRunnerWorker.run(SuiteRunnerWorker.java:84)
at org.testng.TestNG.runSuitesSequentially(TestNG.java:1208)
at org.testng.TestNG.runSuitesLocally(TestNG.java:1137)
at org.testng.TestNG.runSuites(TestNG.java:1049)
at org.testng.TestNG.run(TestNG.java:1017)
at org.testng.remote.AbstractRemoteTestNG.run(AbstractRemoteTestNG.java:115)
at org.testng.remote.RemoteTestNG.initAndRun(RemoteTestNG.java:251)
at org.testng.remote.RemoteTestNG.main(RemoteTestNG.java:77)
]]>
            </full-stacktrace>
          </exception> <!-- java.lang.NoSuchMethodError -->
          <reporter-output>
          </reporter-output>
        </test-method> <!-- addNewCustomer -->
        <test-method is-config="true" signature="tearDown()[pri:0, instance:com.inetbanking.testCases.TC_AddCustomerTest_003@62010f5c]" started-at="2023-10-29T14:32:38Z" name="tearDown" finished-at="2023-10-29T14:32:38Z" duration-ms="0" status="SKIP">
          <reporter-output>
          </reporter-output>
        </test-method> <!-- tearDown -->
      </class> <!-- com.inetbanking.testCases.TC_AddCustomerTest_003 -->
    </test> <!-- BankingApp Test -->
  </suite> <!-- InetBankingV1 -->
</testng-results>
